{"/Users/Kay/GA/Projects/kimage/src/main.js": {"path":"/Users/Kay/GA/Projects/kimage/src/main.js","statementMap":{"0":{"start":{"line":9,"column":12},"end":{"line":9,"column":48}},"1":{"start":{"line":10,"column":14},"end":{"line":10,"column":68}},"2":{"start":{"line":12,"column":13},"end":{"line":12,"column":50}},"3":{"start":{"line":13,"column":14},"end":{"line":13,"column":51}},"4":{"start":{"line":14,"column":18},"end":{"line":14,"column":55}},"5":{"start":{"line":15,"column":20},"end":{"line":15,"column":58}},"6":{"start":{"line":16,"column":21},"end":{"line":16,"column":61}},"7":{"start":{"line":17,"column":15},"end":{"line":17,"column":48}},"8":{"start":{"line":18,"column":17},"end":{"line":18,"column":49}},"9":{"start":{"line":19,"column":19},"end":{"line":19,"column":56}},"10":{"start":{"line":20,"column":19},"end":{"line":20,"column":53}},"11":{"start":{"line":22,"column":23},"end":{"line":22,"column":25}},"12":{"start":{"line":23,"column":19},"end":{"line":23,"column":20}},"13":{"start":{"line":29,"column":23},"end":{"line":54,"column":1}},"14":{"start":{"line":30,"column":2},"end":{"line":30,"column":29}},"15":{"start":{"line":31,"column":14},"end":{"line":31,"column":55}},"16":{"start":{"line":33,"column":2},"end":{"line":53,"column":3}},"17":{"start":{"line":33,"column":18},"end":{"line":33,"column":19}},"18":{"start":{"line":35,"column":17},"end":{"line":35,"column":49}},"19":{"start":{"line":36,"column":4},"end":{"line":36,"column":28}},"20":{"start":{"line":38,"column":4},"end":{"line":39,"column":37}},"21":{"start":{"line":39,"column":6},"end":{"line":39,"column":37}},"22":{"start":{"line":41,"column":4},"end":{"line":50,"column":7}},"23":{"start":{"line":42,"column":6},"end":{"line":42,"column":29}},"24":{"start":{"line":43,"column":21},"end":{"line":43,"column":73}},"25":{"start":{"line":44,"column":6},"end":{"line":44,"column":42}},"26":{"start":{"line":46,"column":6},"end":{"line":46,"column":38}},"27":{"start":{"line":47,"column":6},"end":{"line":47,"column":37}},"28":{"start":{"line":49,"column":6},"end":{"line":49,"column":43}},"29":{"start":{"line":52,"column":4},"end":{"line":52,"column":36}},"30":{"start":{"line":60,"column":23},"end":{"line":87,"column":1}},"31":{"start":{"line":61,"column":2},"end":{"line":61,"column":27}},"32":{"start":{"line":62,"column":2},"end":{"line":62,"column":30}},"33":{"start":{"line":63,"column":2},"end":{"line":63,"column":16}},"34":{"start":{"line":65,"column":14},"end":{"line":65,"column":39}},"35":{"start":{"line":66,"column":12},"end":{"line":66,"column":34}},"36":{"start":{"line":68,"column":2},"end":{"line":86,"column":3}},"37":{"start":{"line":68,"column":15},"end":{"line":68,"column":20}},"38":{"start":{"line":69,"column":15},"end":{"line":69,"column":44}},"39":{"start":{"line":71,"column":4},"end":{"line":71,"column":51}},"40":{"start":{"line":72,"column":4},"end":{"line":72,"column":38}},"41":{"start":{"line":73,"column":4},"end":{"line":73,"column":35}},"42":{"start":{"line":76,"column":4},"end":{"line":80,"column":7}},"43":{"start":{"line":77,"column":6},"end":{"line":77,"column":29}},"44":{"start":{"line":78,"column":6},"end":{"line":78,"column":39}},"45":{"start":{"line":79,"column":6},"end":{"line":79,"column":47}},"46":{"start":{"line":83,"column":4},"end":{"line":85,"column":7}},"47":{"start":{"line":84,"column":6},"end":{"line":84,"column":38}},"48":{"start":{"line":92,"column":18},"end":{"line":102,"column":1}},"49":{"start":{"line":93,"column":19},"end":{"line":93,"column":69}},"50":{"start":{"line":94,"column":17},"end":{"line":94,"column":42}},"51":{"start":{"line":96,"column":17},"end":{"line":96,"column":35}},"52":{"start":{"line":98,"column":2},"end":{"line":101,"column":53}},"53":{"start":{"line":99,"column":4},"end":{"line":99,"column":41}},"54":{"start":{"line":100,"column":4},"end":{"line":100,"column":27}},"55":{"start":{"line":101,"column":9},"end":{"line":101,"column":53}},"56":{"start":{"line":108,"column":22},"end":{"line":124,"column":1}},"57":{"start":{"line":109,"column":21},"end":{"line":109,"column":75}},"58":{"start":{"line":110,"column":2},"end":{"line":123,"column":3}},"59":{"start":{"line":110,"column":15},"end":{"line":110,"column":16}},"60":{"start":{"line":111,"column":15},"end":{"line":111,"column":42}},"61":{"start":{"line":112,"column":4},"end":{"line":112,"column":35}},"62":{"start":{"line":113,"column":4},"end":{"line":113,"column":41}},"63":{"start":{"line":115,"column":4},"end":{"line":116,"column":35}},"64":{"start":{"line":116,"column":6},"end":{"line":116,"column":35}},"65":{"start":{"line":119,"column":4},"end":{"line":122,"column":7}},"66":{"start":{"line":120,"column":6},"end":{"line":120,"column":29}},"67":{"start":{"line":121,"column":6},"end":{"line":121,"column":31}},"68":{"start":{"line":129,"column":24},"end":{"line":140,"column":1}},"69":{"start":{"line":130,"column":2},"end":{"line":139,"column":3}},"70":{"start":{"line":131,"column":4},"end":{"line":138,"column":7}},"71":{"start":{"line":132,"column":6},"end":{"line":132,"column":29}},"72":{"start":{"line":135,"column":6},"end":{"line":137,"column":74}},"73":{"start":{"line":135,"column":23},"end":{"line":135,"column":46}},"74":{"start":{"line":137,"column":11},"end":{"line":137,"column":74}},"75":{"start":{"line":146,"column":17},"end":{"line":148,"column":1}},"76":{"start":{"line":147,"column":2},"end":{"line":147,"column":17}},"77":{"start":{"line":151,"column":0},"end":{"line":151,"column":16}},"78":{"start":{"line":154,"column":0},"end":{"line":154,"column":18}},"79":{"start":{"line":156,"column":0},"end":{"line":156,"column":57}}},"fnMap":{"0":{"name":"(anonymous_0)","decl":{"start":{"line":29,"column":23},"end":{"line":29,"column":24}},"loc":{"start":{"line":29,"column":35},"end":{"line":54,"column":1}},"line":29},"1":{"name":"(anonymous_1)","decl":{"start":{"line":41,"column":37},"end":{"line":41,"column":38}},"loc":{"start":{"line":41,"column":48},"end":{"line":50,"column":5}},"line":41},"2":{"name":"(anonymous_2)","decl":{"start":{"line":60,"column":23},"end":{"line":60,"column":24}},"loc":{"start":{"line":60,"column":45},"end":{"line":87,"column":1}},"line":60},"3":{"name":"(anonymous_3)","decl":{"start":{"line":76,"column":35},"end":{"line":76,"column":36}},"loc":{"start":{"line":76,"column":46},"end":{"line":80,"column":5}},"line":76},"4":{"name":"(anonymous_4)","decl":{"start":{"line":83,"column":63},"end":{"line":83,"column":64}},"loc":{"start":{"line":83,"column":69},"end":{"line":85,"column":5}},"line":83},"5":{"name":"(anonymous_5)","decl":{"start":{"line":92,"column":18},"end":{"line":92,"column":19}},"loc":{"start":{"line":92,"column":34},"end":{"line":102,"column":1}},"line":92},"6":{"name":"(anonymous_6)","decl":{"start":{"line":108,"column":22},"end":{"line":108,"column":23}},"loc":{"start":{"line":108,"column":28},"end":{"line":124,"column":1}},"line":108},"7":{"name":"(anonymous_7)","decl":{"start":{"line":119,"column":35},"end":{"line":119,"column":36}},"loc":{"start":{"line":119,"column":52},"end":{"line":122,"column":5}},"line":119},"8":{"name":"(anonymous_8)","decl":{"start":{"line":129,"column":24},"end":{"line":129,"column":25}},"loc":{"start":{"line":129,"column":30},"end":{"line":140,"column":1}},"line":129},"9":{"name":"(anonymous_9)","decl":{"start":{"line":131,"column":36},"end":{"line":131,"column":37}},"loc":{"start":{"line":131,"column":47},"end":{"line":138,"column":5}},"line":131},"10":{"name":"(anonymous_10)","decl":{"start":{"line":146,"column":17},"end":{"line":146,"column":18}},"loc":{"start":{"line":146,"column":23},"end":{"line":148,"column":1}},"line":146}},"branchMap":{"0":{"loc":{"start":{"line":38,"column":4},"end":{"line":39,"column":37}},"type":"if","locations":[{"start":{"line":38,"column":4},"end":{"line":39,"column":37}},{"start":{"line":38,"column":4},"end":{"line":39,"column":37}}],"line":38},"1":{"loc":{"start":{"line":98,"column":2},"end":{"line":101,"column":53}},"type":"if","locations":[{"start":{"line":98,"column":2},"end":{"line":101,"column":53}},{"start":{"line":98,"column":2},"end":{"line":101,"column":53}}],"line":98},"2":{"loc":{"start":{"line":115,"column":4},"end":{"line":116,"column":35}},"type":"if","locations":[{"start":{"line":115,"column":4},"end":{"line":116,"column":35}},{"start":{"line":115,"column":4},"end":{"line":116,"column":35}}],"line":115},"3":{"loc":{"start":{"line":130,"column":2},"end":{"line":139,"column":3}},"type":"if","locations":[{"start":{"line":130,"column":2},"end":{"line":139,"column":3}},{"start":{"line":130,"column":2},"end":{"line":139,"column":3}}],"line":130},"4":{"loc":{"start":{"line":135,"column":6},"end":{"line":137,"column":74}},"type":"if","locations":[{"start":{"line":135,"column":6},"end":{"line":137,"column":74}},{"start":{"line":135,"column":6},"end":{"line":137,"column":74}}],"line":135}},"s":{"0":1,"1":1,"2":1,"3":1,"4":1,"5":1,"6":1,"7":1,"8":1,"9":1,"10":1,"11":1,"12":1,"13":1,"14":0,"15":0,"16":0,"17":0,"18":0,"19":0,"20":0,"21":0,"22":0,"23":0,"24":0,"25":0,"26":0,"27":0,"28":0,"29":0,"30":1,"31":0,"32":0,"33":0,"34":0,"35":0,"36":0,"37":0,"38":0,"39":0,"40":0,"41":0,"42":0,"43":0,"44":0,"45":0,"46":0,"47":0,"48":1,"49":0,"50":0,"51":0,"52":0,"53":0,"54":0,"55":0,"56":1,"57":1,"58":1,"59":1,"60":6,"61":6,"62":6,"63":6,"64":0,"65":6,"66":0,"67":0,"68":1,"69":1,"70":0,"71":0,"72":0,"73":0,"74":0,"75":1,"76":1,"77":1,"78":1,"79":1},"f":{"0":0,"1":0,"2":0,"3":0,"4":0,"5":0,"6":1,"7":0,"8":1,"9":0,"10":1},"b":{"0":[0,0],"1":[0,0],"2":[0,6],"3":[0,1],"4":[0,0]},"_coverageSchema":"1a1c01bbd47fc00a2c39e90264f33305004495a9","hash":"23a79faf441d8623ffdb3c9f1df5e1087001f2b3"}
}
