{"/Users/Kay/GA/Projects/kimage/src/main.js": {"path":"/Users/Kay/GA/Projects/kimage/src/main.js","statementMap":{"0":{"start":{"line":9,"column":12},"end":{"line":9,"column":48}},"1":{"start":{"line":10,"column":14},"end":{"line":10,"column":68}},"2":{"start":{"line":12,"column":13},"end":{"line":12,"column":50}},"3":{"start":{"line":13,"column":14},"end":{"line":13,"column":51}},"4":{"start":{"line":14,"column":18},"end":{"line":14,"column":55}},"5":{"start":{"line":15,"column":20},"end":{"line":15,"column":58}},"6":{"start":{"line":16,"column":21},"end":{"line":16,"column":61}},"7":{"start":{"line":17,"column":15},"end":{"line":17,"column":48}},"8":{"start":{"line":18,"column":19},"end":{"line":18,"column":53}},"9":{"start":{"line":19,"column":17},"end":{"line":19,"column":49}},"10":{"start":{"line":20,"column":19},"end":{"line":20,"column":56}},"11":{"start":{"line":21,"column":19},"end":{"line":21,"column":51}},"12":{"start":{"line":24,"column":21},"end":{"line":24,"column":23}},"13":{"start":{"line":25,"column":19},"end":{"line":25,"column":20}},"14":{"start":{"line":30,"column":23},"end":{"line":32,"column":1}},"15":{"start":{"line":31,"column":2},"end":{"line":31,"column":42}},"16":{"start":{"line":38,"column":23},"end":{"line":49,"column":1}},"17":{"start":{"line":39,"column":2},"end":{"line":48,"column":5}},"18":{"start":{"line":40,"column":4},"end":{"line":40,"column":27}},"19":{"start":{"line":41,"column":19},"end":{"line":41,"column":71}},"20":{"start":{"line":42,"column":4},"end":{"line":42,"column":40}},"21":{"start":{"line":44,"column":4},"end":{"line":44,"column":36}},"22":{"start":{"line":45,"column":4},"end":{"line":45,"column":35}},"23":{"start":{"line":47,"column":4},"end":{"line":47,"column":41}},"24":{"start":{"line":54,"column":23},"end":{"line":72,"column":1}},"25":{"start":{"line":55,"column":2},"end":{"line":55,"column":29}},"26":{"start":{"line":56,"column":20},"end":{"line":56,"column":49}},"27":{"start":{"line":58,"column":2},"end":{"line":71,"column":3}},"28":{"start":{"line":58,"column":18},"end":{"line":58,"column":19}},"29":{"start":{"line":60,"column":17},"end":{"line":60,"column":49}},"30":{"start":{"line":61,"column":4},"end":{"line":61,"column":28}},"31":{"start":{"line":64,"column":4},"end":{"line":65,"column":37}},"32":{"start":{"line":65,"column":6},"end":{"line":65,"column":37}},"33":{"start":{"line":67,"column":4},"end":{"line":67,"column":36}},"34":{"start":{"line":70,"column":4},"end":{"line":70,"column":35}},"35":{"start":{"line":78,"column":23},"end":{"line":100,"column":1}},"36":{"start":{"line":79,"column":2},"end":{"line":79,"column":27}},"37":{"start":{"line":80,"column":2},"end":{"line":80,"column":30}},"38":{"start":{"line":81,"column":2},"end":{"line":81,"column":16}},"39":{"start":{"line":83,"column":14},"end":{"line":83,"column":37}},"40":{"start":{"line":84,"column":12},"end":{"line":84,"column":32}},"41":{"start":{"line":86,"column":2},"end":{"line":99,"column":3}},"42":{"start":{"line":86,"column":15},"end":{"line":86,"column":20}},"43":{"start":{"line":87,"column":15},"end":{"line":87,"column":44}},"44":{"start":{"line":89,"column":4},"end":{"line":89,"column":51}},"45":{"start":{"line":90,"column":4},"end":{"line":90,"column":38}},"46":{"start":{"line":91,"column":4},"end":{"line":91,"column":35}},"47":{"start":{"line":94,"column":4},"end":{"line":98,"column":7}},"48":{"start":{"line":95,"column":6},"end":{"line":95,"column":29}},"49":{"start":{"line":96,"column":6},"end":{"line":96,"column":39}},"50":{"start":{"line":97,"column":6},"end":{"line":97,"column":47}},"51":{"start":{"line":105,"column":18},"end":{"line":117,"column":1}},"52":{"start":{"line":106,"column":19},"end":{"line":106,"column":69}},"53":{"start":{"line":107,"column":17},"end":{"line":107,"column":42}},"54":{"start":{"line":109,"column":17},"end":{"line":109,"column":35}},"55":{"start":{"line":111,"column":2},"end":{"line":116,"column":51}},"56":{"start":{"line":112,"column":4},"end":{"line":112,"column":21}},"57":{"start":{"line":113,"column":4},"end":{"line":113,"column":41}},"58":{"start":{"line":114,"column":4},"end":{"line":114,"column":27}},"59":{"start":{"line":116,"column":7},"end":{"line":116,"column":51}},"60":{"start":{"line":123,"column":22},"end":{"line":140,"column":1}},"61":{"start":{"line":124,"column":21},"end":{"line":124,"column":75}},"62":{"start":{"line":126,"column":2},"end":{"line":139,"column":3}},"63":{"start":{"line":126,"column":15},"end":{"line":126,"column":16}},"64":{"start":{"line":127,"column":15},"end":{"line":127,"column":42}},"65":{"start":{"line":128,"column":4},"end":{"line":128,"column":35}},"66":{"start":{"line":129,"column":4},"end":{"line":129,"column":41}},"67":{"start":{"line":131,"column":4},"end":{"line":132,"column":35}},"68":{"start":{"line":132,"column":6},"end":{"line":132,"column":35}},"69":{"start":{"line":135,"column":4},"end":{"line":138,"column":7}},"70":{"start":{"line":136,"column":6},"end":{"line":136,"column":29}},"71":{"start":{"line":137,"column":6},"end":{"line":137,"column":31}},"72":{"start":{"line":145,"column":24},"end":{"line":156,"column":1}},"73":{"start":{"line":146,"column":2},"end":{"line":155,"column":3}},"74":{"start":{"line":147,"column":4},"end":{"line":154,"column":7}},"75":{"start":{"line":148,"column":6},"end":{"line":148,"column":29}},"76":{"start":{"line":151,"column":6},"end":{"line":153,"column":74}},"77":{"start":{"line":151,"column":23},"end":{"line":151,"column":46}},"78":{"start":{"line":153,"column":11},"end":{"line":153,"column":74}},"79":{"start":{"line":161,"column":19},"end":{"line":167,"column":1}},"80":{"start":{"line":162,"column":2},"end":{"line":166,"column":7}},"81":{"start":{"line":163,"column":4},"end":{"line":166,"column":7}},"82":{"start":{"line":164,"column":6},"end":{"line":164,"column":29}},"83":{"start":{"line":165,"column":6},"end":{"line":165,"column":38}},"84":{"start":{"line":174,"column":0},"end":{"line":174,"column":16}},"85":{"start":{"line":177,"column":0},"end":{"line":177,"column":18}},"86":{"start":{"line":180,"column":0},"end":{"line":180,"column":13}},"87":{"start":{"line":185,"column":0},"end":{"line":185,"column":36}}},"fnMap":{"0":{"name":"(anonymous_0)","decl":{"start":{"line":30,"column":23},"end":{"line":30,"column":24}},"loc":{"start":{"line":30,"column":35},"end":{"line":32,"column":1}},"line":30},"1":{"name":"(anonymous_1)","decl":{"start":{"line":38,"column":23},"end":{"line":38,"column":24}},"loc":{"start":{"line":38,"column":43},"end":{"line":49,"column":1}},"line":38},"2":{"name":"(anonymous_2)","decl":{"start":{"line":39,"column":35},"end":{"line":39,"column":36}},"loc":{"start":{"line":39,"column":46},"end":{"line":48,"column":3}},"line":39},"3":{"name":"(anonymous_3)","decl":{"start":{"line":54,"column":23},"end":{"line":54,"column":24}},"loc":{"start":{"line":54,"column":35},"end":{"line":72,"column":1}},"line":54},"4":{"name":"(anonymous_4)","decl":{"start":{"line":78,"column":23},"end":{"line":78,"column":24}},"loc":{"start":{"line":78,"column":45},"end":{"line":100,"column":1}},"line":78},"5":{"name":"(anonymous_5)","decl":{"start":{"line":94,"column":35},"end":{"line":94,"column":36}},"loc":{"start":{"line":94,"column":46},"end":{"line":98,"column":5}},"line":94},"6":{"name":"(anonymous_6)","decl":{"start":{"line":105,"column":18},"end":{"line":105,"column":19}},"loc":{"start":{"line":105,"column":34},"end":{"line":117,"column":1}},"line":105},"7":{"name":"(anonymous_7)","decl":{"start":{"line":123,"column":22},"end":{"line":123,"column":23}},"loc":{"start":{"line":123,"column":28},"end":{"line":140,"column":1}},"line":123},"8":{"name":"(anonymous_8)","decl":{"start":{"line":135,"column":35},"end":{"line":135,"column":36}},"loc":{"start":{"line":135,"column":52},"end":{"line":138,"column":5}},"line":135},"9":{"name":"(anonymous_9)","decl":{"start":{"line":145,"column":24},"end":{"line":145,"column":25}},"loc":{"start":{"line":145,"column":30},"end":{"line":156,"column":1}},"line":145},"10":{"name":"(anonymous_10)","decl":{"start":{"line":147,"column":36},"end":{"line":147,"column":37}},"loc":{"start":{"line":147,"column":47},"end":{"line":154,"column":5}},"line":147},"11":{"name":"(anonymous_11)","decl":{"start":{"line":161,"column":19},"end":{"line":161,"column":20}},"loc":{"start":{"line":161,"column":25},"end":{"line":167,"column":1}},"line":161},"12":{"name":"(anonymous_12)","decl":{"start":{"line":163,"column":41},"end":{"line":163,"column":42}},"loc":{"start":{"line":163,"column":52},"end":{"line":166,"column":5}},"line":163}},"branchMap":{"0":{"loc":{"start":{"line":64,"column":4},"end":{"line":65,"column":37}},"type":"if","locations":[{"start":{"line":64,"column":4},"end":{"line":65,"column":37}},{"start":{"line":64,"column":4},"end":{"line":65,"column":37}}],"line":64},"1":{"loc":{"start":{"line":111,"column":2},"end":{"line":116,"column":51}},"type":"if","locations":[{"start":{"line":111,"column":2},"end":{"line":116,"column":51}},{"start":{"line":111,"column":2},"end":{"line":116,"column":51}}],"line":111},"2":{"loc":{"start":{"line":131,"column":4},"end":{"line":132,"column":35}},"type":"if","locations":[{"start":{"line":131,"column":4},"end":{"line":132,"column":35}},{"start":{"line":131,"column":4},"end":{"line":132,"column":35}}],"line":131},"3":{"loc":{"start":{"line":146,"column":2},"end":{"line":155,"column":3}},"type":"if","locations":[{"start":{"line":146,"column":2},"end":{"line":155,"column":3}},{"start":{"line":146,"column":2},"end":{"line":155,"column":3}}],"line":146},"4":{"loc":{"start":{"line":151,"column":6},"end":{"line":153,"column":74}},"type":"if","locations":[{"start":{"line":151,"column":6},"end":{"line":153,"column":74}},{"start":{"line":151,"column":6},"end":{"line":153,"column":74}}],"line":151},"5":{"loc":{"start":{"line":162,"column":2},"end":{"line":166,"column":7}},"type":"if","locations":[{"start":{"line":162,"column":2},"end":{"line":166,"column":7}},{"start":{"line":162,"column":2},"end":{"line":166,"column":7}}],"line":162}},"s":{"0":1,"1":1,"2":1,"3":1,"4":1,"5":1,"6":1,"7":1,"8":1,"9":1,"10":1,"11":1,"12":1,"13":1,"14":1,"15":1,"16":1,"17":0,"18":0,"19":0,"20":0,"21":0,"22":0,"23":0,"24":1,"25":0,"26":0,"27":0,"28":0,"29":0,"30":0,"31":0,"32":0,"33":0,"34":0,"35":1,"36":0,"37":0,"38":0,"39":0,"40":0,"41":0,"42":0,"43":0,"44":0,"45":0,"46":0,"47":0,"48":0,"49":0,"50":0,"51":1,"52":0,"53":0,"54":0,"55":0,"56":0,"57":0,"58":0,"59":0,"60":1,"61":1,"62":1,"63":1,"64":6,"65":6,"66":6,"67":6,"68":0,"69":6,"70":0,"71":0,"72":1,"73":1,"74":0,"75":0,"76":0,"77":0,"78":0,"79":1,"80":1,"81":0,"82":0,"83":0,"84":1,"85":1,"86":1,"87":1},"f":{"0":1,"1":0,"2":0,"3":0,"4":0,"5":0,"6":0,"7":1,"8":0,"9":1,"10":0,"11":1,"12":0},"b":{"0":[0,0],"1":[0,0],"2":[0,6],"3":[0,1],"4":[0,0],"5":[0,1]},"_coverageSchema":"1a1c01bbd47fc00a2c39e90264f33305004495a9","hash":"7cec37a22c0c34203522d7efc6521edae4e2fe16"}
}
