TN:
SF:src/main.js
FN:29,(anonymous_0)
FN:41,(anonymous_1)
FN:60,(anonymous_2)
FN:76,(anonymous_3)
FN:83,(anonymous_4)
FN:92,(anonymous_5)
FN:108,(anonymous_6)
FN:119,(anonymous_7)
FN:129,(anonymous_8)
FN:131,(anonymous_9)
FN:146,(anonymous_10)
FNF:11
FNH:3
FNDA:0,(anonymous_0)
FNDA:0,(anonymous_1)
FNDA:0,(anonymous_2)
FNDA:0,(anonymous_3)
FNDA:0,(anonymous_4)
FNDA:0,(anonymous_5)
FNDA:1,(anonymous_6)
FNDA:0,(anonymous_7)
FNDA:1,(anonymous_8)
FNDA:0,(anonymous_9)
FNDA:1,(anonymous_10)
DA:9,1
DA:10,1
DA:12,1
DA:13,1
DA:14,1
DA:15,1
DA:16,1
DA:17,1
DA:18,1
DA:19,1
DA:20,1
DA:22,1
DA:23,1
DA:29,1
DA:30,0
DA:31,0
DA:33,0
DA:35,0
DA:36,0
DA:38,0
DA:39,0
DA:41,0
DA:42,0
DA:43,0
DA:44,0
DA:46,0
DA:47,0
DA:49,0
DA:52,0
DA:60,1
DA:61,0
DA:62,0
DA:63,0
DA:65,0
DA:66,0
DA:68,0
DA:69,0
DA:71,0
DA:72,0
DA:73,0
DA:76,0
DA:77,0
DA:78,0
DA:79,0
DA:83,0
DA:84,0
DA:92,1
DA:93,0
DA:94,0
DA:96,0
DA:98,0
DA:99,0
DA:100,0
DA:101,0
DA:108,1
DA:109,1
DA:110,1
DA:111,6
DA:112,6
DA:113,6
DA:115,6
DA:116,0
DA:119,6
DA:120,0
DA:121,0
DA:129,1
DA:130,1
DA:131,0
DA:132,0
DA:135,0
DA:137,0
DA:146,1
DA:147,1
DA:151,1
DA:154,1
DA:156,1
LF:76
LH:31
BRDA:38,0,0,0
BRDA:38,0,1,0
BRDA:98,1,0,0
BRDA:98,1,1,0
BRDA:115,2,0,0
BRDA:115,2,1,6
BRDA:130,3,0,0
BRDA:130,3,1,1
BRDA:135,4,0,0
BRDA:135,4,1,0
BRF:10
BRH:2
end_of_record
