TN:
SF:src/main.js
FN:30,(anonymous_0)
FN:38,(anonymous_1)
FN:39,(anonymous_2)
FN:54,(anonymous_3)
FN:78,(anonymous_4)
FN:94,(anonymous_5)
FN:105,(anonymous_6)
FN:123,(anonymous_7)
FN:135,(anonymous_8)
FN:145,(anonymous_9)
FN:147,(anonymous_10)
FN:161,(anonymous_11)
FN:163,(anonymous_12)
FNF:13
FNH:4
FNDA:1,(anonymous_0)
FNDA:0,(anonymous_1)
FNDA:0,(anonymous_2)
FNDA:0,(anonymous_3)
FNDA:0,(anonymous_4)
FNDA:0,(anonymous_5)
FNDA:0,(anonymous_6)
FNDA:1,(anonymous_7)
FNDA:0,(anonymous_8)
FNDA:1,(anonymous_9)
FNDA:0,(anonymous_10)
FNDA:1,(anonymous_11)
FNDA:0,(anonymous_12)
DA:9,1
DA:10,1
DA:12,1
DA:13,1
DA:14,1
DA:15,1
DA:16,1
DA:17,1
DA:18,1
DA:19,1
DA:20,1
DA:21,1
DA:24,1
DA:25,1
DA:30,1
DA:31,1
DA:38,1
DA:39,0
DA:40,0
DA:41,0
DA:42,0
DA:44,0
DA:45,0
DA:47,0
DA:54,1
DA:55,0
DA:56,0
DA:58,0
DA:60,0
DA:61,0
DA:64,0
DA:65,0
DA:67,0
DA:70,0
DA:78,1
DA:79,0
DA:80,0
DA:81,0
DA:83,0
DA:84,0
DA:86,0
DA:87,0
DA:89,0
DA:90,0
DA:91,0
DA:94,0
DA:95,0
DA:96,0
DA:97,0
DA:105,1
DA:106,0
DA:107,0
DA:109,0
DA:111,0
DA:112,0
DA:113,0
DA:114,0
DA:116,0
DA:123,1
DA:124,1
DA:126,1
DA:127,6
DA:128,6
DA:129,6
DA:131,6
DA:132,0
DA:135,6
DA:136,0
DA:137,0
DA:145,1
DA:146,1
DA:147,0
DA:148,0
DA:151,0
DA:153,0
DA:161,1
DA:162,1
DA:163,0
DA:164,0
DA:165,0
DA:174,1
DA:177,1
DA:180,1
DA:185,1
LF:84
LH:36
BRDA:64,0,0,0
BRDA:64,0,1,0
BRDA:111,1,0,0
BRDA:111,1,1,0
BRDA:131,2,0,0
BRDA:131,2,1,6
BRDA:146,3,0,0
BRDA:146,3,1,1
BRDA:151,4,0,0
BRDA:151,4,1,0
BRDA:162,5,0,0
BRDA:162,5,1,1
BRF:12
BRH:3
end_of_record
